build/app/outputs/mapping/release/mapping.txt
# compiler: R8
# compiler_version: 1.5.64
# min_api: 16
# pg_map_id: e8b1be9
...
androidx.collection.MapCollections$KeySet -> a.b.d$c:
    androidx.collection.MapCollections this$0 -> a
androidx.collection.MapCollections$MapIterator -> a.b.d$d:
    int mIndex -> b
    boolean mEntryValid -> c
    androidx.collection.MapCollections this$0 -> d
    int mEnd -> a
androidx.collection.MapCollections$ValuesCollection -> a.b.d$e:
    androidx.collection.MapCollections this$0 -> a
androidx.collection.SimpleArrayMap -> a.b.e:
    java.lang.Object[] mBaseCache -> d
    java.lang.Object[] mArray -> b
    int mTwiceBaseCacheSize -> g
    int mBaseCacheSize -> e
    int[] mHashes -> a
    int mSize -> c
    java.lang.Object[] mTwiceBaseCache -> f
    int binarySearchHashes(int[],int,int) -> a
    void ensureCapacity(int) -> a
    void freeArrays(int[],java.lang.Object[],int) -> a
    int indexOf(java.lang.Object,int) -> a
    int indexOfKey(java.lang.Object) -> a
    int indexOfNull() -> a
    java.lang.Object setValueAt(int,java.lang.Object) -> a
    int indexOfValue(java.lang.Object) -> b
    java.lang.Object keyAt(int) -> b
    java.lang.Object removeAt(int) -> c
    java.lang.Object valueAt(int) -> d
    void allocArrays(int) -> e
androidx.collection.SparseArrayCompat -> a.b.f:
    java.lang.Object[] mValues -> c
    int[] mKeys -> b
    java.lang.Object DELETED -> e
    int mSize -> d
    boolean mGarbage -> a
    void clear() -> a
    java.lang.Object get(int) -> a
    java.lang.Object get(int,java.lang.Object) -> a
    int keyAt(int) -> b
    void put(int,java.lang.Object) -> b
    int size() -> b
    void gc() -> c
    void remove(int) -> c
    java.lang.Object valueAt(int) -> d
androidx.core.R$id -> a.c.a:
androidx.core.app.ActivityCompat -> androidx.core.app.a:
    androidx.core.app.ActivityCompat$PermissionCompatDelegate sDelegate -> a
    androidx.core.app.ActivityCompat$PermissionCompatDelegate getPermissionCompatDelegate() -> a
androidx.core.app.ActivityCompat$OnRequestPermissionsResultCallback -> androidx.core.app.a$a:
androidx.core.app.ActivityCompat$PermissionCompatDelegate -> androidx.core.app.a$b:
    boolean onActivityResult(android.app.Activity,int,int,android.content.Intent) -> a
androidx.core.app.ActivityCompat$RequestPermissionsRequestCodeValidator -> androidx.core.app.a$c:
androidx.core.app.ComponentActivity -> androidx.core.app.b:
    androidx.lifecycle.LifecycleRegistry mLifecycleRegistry -> a
    boolean superDispatchKeyEvent(android.view.KeyEvent) -> a
androidx.core.app.CoreComponentFactory -> androidx.core.app.CoreComponentFactory:
    java.lang.Object checkCompatWrapper(java.lang.Object) -> a
androidx.core.app.CoreComponentFactory$CompatWrapped -> androidx.core.app.CoreComponentFactory$a:
    java.lang.Object getWrapper() -> a
androidx.core.app.NotificationBuilderWithBuilderAccessor -> androidx.core.app.c:
    android.app.Notification$Builder getBuilder() -> a
androidx.core.app.NotificationCompat -> androidx.core.app.d:
    android.os.Bundle getExtras(android.app.Notification) -> a
androidx.core.app.NotificationCompat$Action -> androidx.core.app.d$a:
    android.os.Bundle mExtras -> a
    android.app.PendingIntent actionIntent -> i
    androidx.core.app.RemoteInput[] mDataOnlyRemoteInputs -> c
    androidx.core.app.RemoteInput[] mRemoteInputs -> b
    boolean mShowsUserInterface -> e
    int mSemanticAction -> f
    int icon -> g
    java.lang.CharSequence title -> h
    boolean mAllowGeneratedReplies -> d
    android.app.PendingIntent getActionIntent() -> a
    boolean getAllowGeneratedReplies() -> b
    androidx.core.app.RemoteInput[] getDataOnlyRemoteInputs() -> c
    android.os.Bundle getExtras() -> d
    int getIcon() -> e
    androidx.core.app.RemoteInput[] getRemoteInputs() -> f
    int getSemanticAction() -> g
    boolean getShowsUserInterface() -> h
    java.lang.CharSequence getTitle() -> i